#
# There is insufficient memory for the Java Runtime Environment to continue.
# Native memory allocation (malloc) failed to allocate 1048576 bytes. Error detail: AllocateHeap
# Possible reasons:
#   The system is out of physical RAM or swap space
#   This process is running with CompressedOops enabled, and the Java Heap may be blocking the growth of the native heap
# Possible solutions:
#   Reduce memory load on the system
#   Increase physical memory or swap space
#   Check if swap backing store is full
#   Decrease Java heap size (-Xmx/-Xms)
#   Decrease number of Java threads
#   Decrease Java thread stack sizes (-Xss)
#   Set larger code cache with -XX:ReservedCodeCacheSize=
#   JVM is running with Unscaled Compressed Oops mode in which the Java heap is
#     placed in the first 4GB address space. The Java Heap base address is the
#     maximum limit for the native heap growth. Please use -XX:HeapBaseMinAddress
#     to set the Java Heap base and to place the Java Heap above 4GB virtual address.
# This output file may be truncated or incomplete.
#
#  Out of Memory Error (allocation.cpp:44), pid=25312, tid=50972
#
# JRE version: OpenJDK Runtime Environment Temurin-21.0.4+7 (21.0.4+7) (build 21.0.4+7-LTS)
# Java VM: OpenJDK 64-Bit Server VM Temurin-21.0.4+7 (21.0.4+7-LTS, mixed mode, emulated-client, tiered, compressed oops, compressed class ptrs, g1 gc, windows-amd64)
# No core dump will be written. Minidumps are not enabled by default on client versions of Windows
#

---------------  S U M M A R Y ------------

Command Line: -Dcom.sun.management.jmxremote -Dcom.sun.management.jmxremote.port=57706 -Dcom.sun.management.jmxremote.authenticate=false -Dcom.sun.management.jmxremote.ssl=false -Djava.rmi.server.hostname=localhost -Dspring.jmx.enabled=true -Dmanagement.endpoints.jmx.exposure.include=* -Dspring.application.admin.enabled=true -XX:TieredStopAtLevel=1 -Dspring.boot.project.name=college-management -Dfile.encoding=UTF-8 -Dstdout.encoding=UTF-8 -Dstderr.encoding=UTF-8 -XX:+ShowCodeDetailsInExceptionMessages com.system.college_management.CollegeManagementApplication --spring.output.ansi.enabled=always

Host: 12th Gen Intel(R) Core(TM) i5-12500H, 16 cores, 7G,  Windows 11 , 64 bit Build 26100 (10.0.26100.3037)
Time: Tue Mar  4 16:35:00 2025 India Standard Time elapsed time: 1282.809732 seconds (0d 0h 21m 22s)

---------------  T H R E A D  ---------------

Current thread (0x0000017159a200b0):  VMThread "VM Thread"          [id=50972, stack(0x0000002e8a200000,0x0000002e8a300000) (1024K)]

Stack: [0x0000002e8a200000,0x0000002e8a300000]
Native frames: (J=compiled Java code, j=interpreted, Vv=VM code, C=native code)
V  [jvm.dll+0x6cbcf9]
V  [jvm.dll+0x8a5551]
V  [jvm.dll+0x8a7a7e]
V  [jvm.dll+0x8a8153]
V  [jvm.dll+0x27eca6]
V  [jvm.dll+0xbf5e7]
V  [jvm.dll+0x345362]
V  [jvm.dll+0x33fdde]
V  [jvm.dll+0x3286e8]
V  [jvm.dll+0x36a924]
V  [jvm.dll+0x8ade6f]
V  [jvm.dll+0x8af1f4]
V  [jvm.dll+0x8af730]
V  [jvm.dll+0x8af9d3]
V  [jvm.dll+0x84f17b]
V  [jvm.dll+0x6ca3fd]
C  [ucrtbase.dll+0x37b0]
C  [KERNEL32.DLL+0x2e8d7]
C  [ntdll.dll+0xbbf2c]

VM_Operation (0x0000002e898feed0): G1CollectFull, mode: safepoint, requested by thread 0x000001716151cc80


---------------  P R O C E S S  ---------------

Threads class SMR info:
_java_thread_list=0x0000017161607b00, length=19, elements={
0x0000017159aeadc0, 0x0000017159aeb820, 0x0000017159acbc80, 0x0000017159accae0,
0x0000017159acd6f0, 0x0000017159ad0b90, 0x0000017159ad2340, 0x0000017159c03f50,
0x0000017159d4ac20, 0x000001715e6ad200, 0x000001715e6b57b0, 0x000001715e6d5e10,
0x000001715e7acf40, 0x000001715e7ad5b0, 0x000001715e7d4490, 0x000001715f0befc0,
0x0000017161518ae0, 0x000001716151bf60, 0x000001716151cc80
}

Java Threads: ( => current thread )
  0x0000017159aeadc0 JavaThread "Reference Handler"          daemon [_thread_blocked, id=45732, stack(0x0000002e8a300000,0x0000002e8a400000) (1024K)]
  0x0000017159aeb820 JavaThread "Finalizer"                  daemon [_thread_blocked, id=33224, stack(0x0000002e8a400000,0x0000002e8a500000) (1024K)]
  0x0000017159acbc80 JavaThread "Signal Dispatcher"          daemon [_thread_blocked, id=38544, stack(0x0000002e8a500000,0x0000002e8a600000) (1024K)]
  0x0000017159accae0 JavaThread "Attach Listener"            daemon [_thread_blocked, id=712, stack(0x0000002e8a600000,0x0000002e8a700000) (1024K)]
  0x0000017159acd6f0 JavaThread "Service Thread"             daemon [_thread_blocked, id=40712, stack(0x0000002e8a700000,0x0000002e8a800000) (1024K)]
  0x0000017159ad0b90 JavaThread "Monitor Deflation Thread"   daemon [_thread_blocked, id=52008, stack(0x0000002e8a800000,0x0000002e8a900000) (1024K)]
  0x0000017159ad2340 JavaThread "C1 CompilerThread0"         daemon [_thread_blocked, id=28816, stack(0x0000002e8a900000,0x0000002e8aa00000) (1024K)]
  0x0000017159c03f50 JavaThread "Common-Cleaner"             daemon [_thread_blocked, id=32460, stack(0x0000002e8ab00000,0x0000002e8ac00000) (1024K)]
  0x0000017159d4ac20 JavaThread "Notification Thread"        daemon [_thread_blocked, id=6996, stack(0x0000002e8ad00000,0x0000002e8ae00000) (1024K)]
  0x000001715e6ad200 JavaThread "RMI TCP Accept-0"           daemon [_thread_in_native, id=41668, stack(0x0000002e8b000000,0x0000002e8b100000) (1024K)]
  0x000001715e6b57b0 JavaThread "RMI TCP Accept-57706"       daemon [_thread_in_native, id=17184, stack(0x0000002e8b100000,0x0000002e8b200000) (1024K)]
  0x000001715e6d5e10 JavaThread "RMI TCP Accept-0"           daemon [_thread_in_native, id=30384, stack(0x0000002e8b200000,0x0000002e8b300000) (1024K)]
  0x000001715e7acf40 JavaThread "RMI Scheduler(0)"           daemon [_thread_blocked, id=2976, stack(0x0000002e8b400000,0x0000002e8b500000) (1024K)]
  0x000001715e7ad5b0 JavaThread "RMI TCP Connection(idle)"   daemon [_thread_blocked, id=30896, stack(0x0000002e8b500000,0x0000002e8b600000) (1024K)]
  0x000001715e7d4490 JavaThread "JMX server connection timeout 36" daemon [_thread_blocked, id=39832, stack(0x0000002e8b600000,0x0000002e8b700000) (1024K)]
  0x000001715f0befc0 JavaThread "mysql-cj-abandoned-connection-cleanup" daemon [_thread_blocked, id=20592, stack(0x0000002e8ca00000,0x0000002e8cb00000) (1024K)]
  0x0000017161518ae0 JavaThread "Live Reload Server"         daemon [_thread_in_native, id=39084, stack(0x0000002e8d000000,0x0000002e8d100000) (1024K)]
  0x000001716151bf60 JavaThread "DestroyJavaVM"                     [_thread_blocked, id=54172, stack(0x0000002e89b00000,0x0000002e89c00000) (1024K)]
  0x000001716151cc80 JavaThread "Thread-11"                         [_thread_blocked, id=34632, stack(0x0000002e89800000,0x0000002e89900000) (1024K)]
Total: 19

Other Threads:
=>0x0000017159a200b0 VMThread "VM Thread"                           [id=50972, stack(0x0000002e8a200000,0x0000002e8a300000) (1024K)]
  0x0000017159262730 WatcherThread "VM Periodic Task Thread"        [id=35852, stack(0x0000002e8a100000,0x0000002e8a200000) (1024K)]
  0x000001714b212760 WorkerThread "GC Thread#0"                     [id=26660, stack(0x0000002e89c00000,0x0000002e89d00000) (1024K)]
  0x0000017159a212d0 WorkerThread "GC Thread#1"                     [id=9584, stack(0x0000002e8b700000,0x0000002e8b800000) (1024K)]
  0x0000017159a21670 WorkerThread "GC Thread#2"                     [id=30968, stack(0x0000002e8b800000,0x0000002e8b900000) (1024K)]
  0x0000017159a20f30 WorkerThread "GC Thread#3"                     [id=44276, stack(0x0000002e8b900000,0x0000002e8ba00000) (1024K)]
  0x0000017159a21a10 WorkerThread "GC Thread#4"                     [id=15928, stack(0x0000002e8ba00000,0x0000002e8bb00000) (1024K)]
  0x0000017159a20450 WorkerThread "GC Thread#5"                     [id=12180, stack(0x0000002e8bb00000,0x0000002e8bc00000) (1024K)]
  0x0000017159a207f0 WorkerThread "GC Thread#6"                     [id=22144, stack(0x0000002e8bc00000,0x0000002e8bd00000) (1024K)]
  0x0000017159a20b90 WorkerThread "GC Thread#7"                     [id=4836, stack(0x0000002e8bd00000,0x0000002e8be00000) (1024K)]
  0x000001715edadae0 WorkerThread "GC Thread#8"                     [id=55060, stack(0x0000002e8be00000,0x0000002e8bf00000) (1024K)]
  0x000001715edae5c0 WorkerThread "GC Thread#9"                     [id=25064, stack(0x0000002e8c100000,0x0000002e8c200000) (1024K)]
  0x000001715edae220 WorkerThread "GC Thread#10"                    [id=45704, stack(0x0000002e8c200000,0x0000002e8c300000) (1024K)]
  0x000001715edb02c0 WorkerThread "GC Thread#11"                    [id=49704, stack(0x0000002e8c300000,0x0000002e8c400000) (1024K)]
  0x000001715edae960 WorkerThread "GC Thread#12"                    [id=27852, stack(0x0000002e8c700000,0x0000002e8c800000) (1024K)]
  0x000001714b222c90 ConcurrentGCThread "G1 Main Marker"            [id=29432, stack(0x0000002e89d00000,0x0000002e89e00000) (1024K)]
  0x000001714b224520 WorkerThread "G1 Conc#0"                       [id=54024, stack(0x0000002e89e00000,0x0000002e89f00000) (1024K)]
  0x000001715edb0660 WorkerThread "G1 Conc#1"                       [id=35836, stack(0x0000002e8c400000,0x0000002e8c500000) (1024K)]
  0x000001715edaf440 WorkerThread "G1 Conc#2"                       [id=27604, stack(0x0000002e8c500000,0x0000002e8c600000) (1024K)]
  0x000001714b26eba0 ConcurrentGCThread "G1 Refine#0"               [id=46076, stack(0x0000002e89f00000,0x0000002e8a000000) (1024K)]
  0x000001715912b710 ConcurrentGCThread "G1 Service"                [id=41884, stack(0x0000002e8a000000,0x0000002e8a100000) (1024K)]
Total: 21

Threads with active compile tasks:
C1 CompilerThread0  1282831 9453       1       java.util.ComparableTimSort::countRunAndMakeAscending (123 bytes)
Total: 1

VM state: at safepoint (normal execution)

VM Mutex/Monitor currently owned by a thread:  ([mutex/lock_event])
[0x00007ffd940f7308] Threads_lock - owner thread: 0x0000017159a200b0
[0x00007ffd940f7408] Heap_lock - owner thread: 0x000001716151cc80

Heap address: 0x0000000084e00000, size: 1970 MB, Compressed Oops mode: 32-bit

CDS archive(s) not mapped
Compressed class space mapped at: 0x0000000100000000-0x0000000140000000, reserved size: 1073741824
Narrow klass base: 0x0000000000000000, Narrow klass shift: 3, Narrow klass range: 0x140000000

GC Precious Log:
 CardTable entry size: 512
 Card Set container configuration: InlinePtr #cards 5 size 8 Array Of Cards #cards 12 size 40 Howl #buckets 4 coarsen threshold 1843 Howl Bitmap #cards 512 size 80 coarsen threshold 460 Card regions per heap region 1 cards per card region 2048
 CPUs: 16 total, 16 available
 Memory: 7876M
 Large Page Support: Disabled
 NUMA Support: Disabled
 Compressed Oops: Enabled (32-bit)
 Heap Region Size: 1M
 Heap Min Capacity: 8M
 Heap Initial Capacity: 124M
 Heap Max Capacity: 1970M
 Pre-touch: Disabled
 Parallel Workers: 13
 Concurrent Workers: 3
 Concurrent Refinement Workers: 13
 Periodic GC: Disabled

Heap:
 garbage-first heap   total 70656K, used 39375K [0x0000000084e00000, 0x0000000100000000)
  region size 1024K, 9 young (9216K), 4 survivors (4096K)
 Metaspace       used 82569K, committed 83200K, reserved 1179648K
  class space    used 11001K, committed 11264K, reserved 1048576K

Heap Regions: E=young(eden), S=young(survivor), O=old, HS=humongous(starts), HC=humongous(continues), CS=collection set, F=free, TAMS=top-at-mark-start, PB=parsable bottom
|   0|0x0000000084e00000, 0x0000000084f00000, 0x0000000084f00000|100%|HS|  |TAMS 0x0000000084e00000| PB 0x0000000084e00000| Complete 
|   1|0x0000000084f00000, 0x0000000085000000, 0x0000000085000000|100%|HS|  |TAMS 0x0000000084f00000| PB 0x0000000084f00000| Complete 
|   2|0x0000000085000000, 0x00000000850f6d78, 0x0000000085100000| 96%| O|  |TAMS 0x0000000085000000| PB 0x0000000085000000| Untracked 
|   3|0x0000000085100000, 0x00000000851fffd8, 0x0000000085200000| 99%| O|  |TAMS 0x0000000085100000| PB 0x0000000085100000| Untracked 
|   4|0x0000000085200000, 0x00000000852ffff0, 0x0000000085300000| 99%| O|  |TAMS 0x0000000085200000| PB 0x0000000085200000| Untracked 
|   5|0x0000000085300000, 0x00000000853ffc58, 0x0000000085400000| 99%| O|  |TAMS 0x0000000085300000| PB 0x0000000085300000| Untracked 
|   6|0x0000000085400000, 0x00000000854fffe8, 0x0000000085500000| 99%| O|  |TAMS 0x0000000085400000| PB 0x0000000085400000| Untracked 
|   7|0x0000000085500000, 0x0000000085600000, 0x0000000085600000|100%| O|  |TAMS 0x0000000085500000| PB 0x0000000085500000| Untracked 
|   8|0x0000000085600000, 0x00000000856fffe8, 0x0000000085700000| 99%| O|  |TAMS 0x0000000085600000| PB 0x0000000085600000| Untracked 
|   9|0x0000000085700000, 0x00000000857ffff0, 0x0000000085800000| 99%| O|  |TAMS 0x0000000085700000| PB 0x0000000085700000| Untracked 
|  10|0x0000000085800000, 0x00000000858ffff8, 0x0000000085900000| 99%| O|  |TAMS 0x0000000085800000| PB 0x0000000085800000| Untracked 
|  11|0x0000000085900000, 0x00000000859ffff8, 0x0000000085a00000| 99%| O|  |TAMS 0x0000000085900000| PB 0x0000000085900000| Untracked 
|  12|0x0000000085a00000, 0x0000000085affff8, 0x0000000085b00000| 99%| O|  |TAMS 0x0000000085a00000| PB 0x0000000085a00000| Untracked 
|  13|0x0000000085b00000, 0x0000000085bffff8, 0x0000000085c00000| 99%| O|  |TAMS 0x0000000085b00000| PB 0x0000000085b00000| Untracked 
|  14|0x0000000085c00000, 0x0000000085cfffd0, 0x0000000085d00000| 99%| O|  |TAMS 0x0000000085c00000| PB 0x0000000085c00000| Untracked 
|  15|0x0000000085d00000, 0x0000000085dfffd8, 0x0000000085e00000| 99%| O|  |TAMS 0x0000000085d00000| PB 0x0000000085d00000| Untracked 
|  16|0x0000000085e00000, 0x0000000085efffe8, 0x0000000085f00000| 99%| O|  |TAMS 0x0000000085e00000| PB 0x0000000085e00000| Untracked 
|  17|0x0000000085f00000, 0x0000000086000000, 0x0000000086000000|100%| O|  |TAMS 0x0000000085f00000| PB 0x0000000085f00000| Untracked 
|  18|0x0000000086000000, 0x00000000860cf558, 0x0000000086100000| 80%| O|  |TAMS 0x0000000086000000| PB 0x0000000086000000| Untracked 
|  19|0x0000000086100000, 0x00000000861fffd0, 0x0000000086200000| 99%| O|  |TAMS 0x0000000086100000| PB 0x0000000086100000| Untracked 
|  20|0x0000000086200000, 0x00000000862fffe0, 0x0000000086300000| 99%| O|  |TAMS 0x0000000086200000| PB 0x0000000086200000| Untracked 
|  21|0x0000000086300000, 0x0000000086400000, 0x0000000086400000|100%| O|  |TAMS 0x0000000086300000| PB 0x0000000086300000| Untracked 
|  22|0x0000000086400000, 0x00000000864ffff8, 0x0000000086500000| 99%| O|  |TAMS 0x0000000086400000| PB 0x0000000086400000| Untracked 
|  23|0x0000000086500000, 0x0000000086546d10, 0x0000000086600000| 27%| O|  |TAMS 0x0000000086500000| PB 0x0000000086500000| Untracked 
|  24|0x0000000086600000, 0x0000000086700000, 0x0000000086700000|100%| O|  |TAMS 0x0000000086600000| PB 0x0000000086600000| Untracked 
|  25|0x0000000086700000, 0x00000000867fc728, 0x0000000086800000| 98%| O|  |TAMS 0x0000000086700000| PB 0x0000000086700000| Untracked 
|  26|0x0000000086800000, 0x00000000868ffff8, 0x0000000086900000| 99%| O|  |TAMS 0x0000000086800000| PB 0x0000000086800000| Untracked 
|  27|0x0000000086900000, 0x00000000869fefb8, 0x0000000086a00000| 99%| O|  |TAMS 0x0000000086900000| PB 0x0000000086900000| Untracked 
|  28|0x0000000086a00000, 0x0000000086aff220, 0x0000000086b00000| 99%| O|  |TAMS 0x0000000086a00000| PB 0x0000000086a00000| Untracked 
|  29|0x0000000086b00000, 0x0000000086c00000, 0x0000000086c00000|100%| O|  |TAMS 0x0000000086b00000| PB 0x0000000086b00000| Untracked 
|  30|0x0000000086c00000, 0x0000000086ce5000, 0x0000000086d00000| 89%| O|  |TAMS 0x0000000086c00000| PB 0x0000000086c00000| Untracked 
|  31|0x0000000086d00000, 0x0000000086d00000, 0x0000000086e00000|  0%| F|  |TAMS 0x0000000086d00000| PB 0x0000000086d00000| Untracked 
|  32|0x0000000086e00000, 0x0000000086e00000, 0x0000000086f00000|  0%| F|  |TAMS 0x0000000086e00000| PB 0x0000000086e00000| Untracked 
|  33|0x0000000086f00000, 0x0000000086f00000, 0x0000000087000000|  0%| F|  |TAMS 0x0000000086f00000| PB 0x0000000086f00000| Untracked 
|  34|0x0000000087000000, 0x0000000087087be8, 0x0000000087100000| 53%| O|  |TAMS 0x0000000087000000| PB 0x0000000087000000| Untracked 
|  35|0x0000000087100000, 0x0000000087100000, 0x0000000087200000|  0%| F|  |TAMS 0x0000000087100000| PB 0x0000000087100000| Untracked 
|  36|0x0000000087200000, 0x0000000087300000, 0x0000000087300000|100%| S|CS|TAMS 0x0000000087200000| PB 0x0000000087200000| Complete 
|  37|0x0000000087300000, 0x0000000087400000, 0x0000000087400000|100%| S|CS|TAMS 0x0000000087300000| PB 0x0000000087300000| Complete 
|  38|0x0000000087400000, 0x0000000087500000, 0x0000000087500000|100%| S|CS|TAMS 0x0000000087400000| PB 0x0000000087400000| Complete 
|  39|0x0000000087500000, 0x0000000087600000, 0x0000000087600000|100%| S|CS|TAMS 0x0000000087500000| PB 0x0000000087500000| Complete 
|  40|0x0000000087600000, 0x0000000087600000, 0x0000000087700000|  0%| F|  |TAMS 0x0000000087600000| PB 0x0000000087600000| Untracked 
|  41|0x0000000087700000, 0x0000000087700000, 0x0000000087800000|  0%| F|  |TAMS 0x0000000087700000| PB 0x0000000087700000| Untracked 
|  42|0x0000000087800000, 0x0000000087800000, 0x0000000087900000|  0%| F|  |TAMS 0x0000000087800000| PB 0x0000000087800000| Untracked 
|  43|0x0000000087900000, 0x0000000087900000, 0x0000000087a00000|  0%| F|  |TAMS 0x0000000087900000| PB 0x0000000087900000| Untracked 
|  44|0x0000000087a00000, 0x0000000087a00000, 0x0000000087b00000|  0%| F|  |TAMS 0x0000000087a00000| PB 0x0000000087a00000| Untracked 
|  45|0x0000000087b00000, 0x0000000087b00000, 0x0000000087c00000|  0%| F|  |TAMS 0x0000000087b00000| PB 0x0000000087b00000| Untracked 
|  46|0x0000000087c00000, 0x0000000087c00000, 0x0000000087d00000|  0%| F|  |TAMS 0x0000000087c00000| PB 0x0000000087c00000| Untracked 
|  47|0x0000000087d00000, 0x0000000087d00000, 0x0000000087e00000|  0%| F|  |TAMS 0x0000000087d00000| PB 0x0000000087d00000| Untracked 
|  48|0x0000000087e00000, 0x0000000087e00000, 0x0000000087f00000|  0%| F|  |TAMS 0x0000000087e00000| PB 0x0000000087e00000| Untracked 
|  49|0x0000000087f00000, 0x0000000087f00000, 0x0000000088000000|  0%| F|  |TAMS 0x0000000087f00000| PB 0x0000000087f00000| Untracked 
|  50|0x0000000088000000, 0x0000000088000000, 0x0000000088100000|  0%| F|  |TAMS 0x0000000088000000| PB 0x0000000088000000| Untracked 
|  51|0x0000000088100000, 0x0000000088100000, 0x0000000088200000|  0%| F|  |TAMS 0x0000000088100000| PB 0x0000000088100000| Untracked 
|  52|0x0000000088200000, 0x0000000088200000, 0x0000000088300000|  0%| F|  |TAMS 0x0000000088200000| PB 0x0000000088200000| Untracked 
|  53|0x0000000088300000, 0x0000000088300000, 0x0000000088400000|  0%| F|  |TAMS 0x0000000088300000| PB 0x0000000088300000| Untracked 
|  54|0x0000000088400000, 0x0000000088400000, 0x0000000088500000|  0%| F|  |TAMS 0x0000000088400000| PB 0x0000000088400000| Untracked 
|  55|0x0000000088500000, 0x0000000088500000, 0x0000000088600000|  0%| F|  |TAMS 0x0000000088500000| PB 0x0000000088500000| Untracked 
|  56|0x0000000088600000, 0x0000000088600000, 0x0000000088700000|  0%| F|  |TAMS 0x0000000088600000| PB 0x0000000088600000| Untracked 
|  57|0x0000000088700000, 0x0000000088700000, 0x0000000088800000|  0%| F|  |TAMS 0x0000000088700000| PB 0x0000000088700000| Untracked 
|  58|0x0000000088800000, 0x0000000088800000, 0x0000000088900000|  0%| F|  |TAMS 0x0000000088800000| PB 0x0000000088800000| Untracked 
|  59|0x0000000088900000, 0x0000000088900000, 0x0000000088a00000|  0%| F|  |TAMS 0x0000000088900000| PB 0x0000000088900000| Untracked 
|  60|0x0000000088a00000, 0x0000000088a00000, 0x0000000088b00000|  0%| F|  |TAMS 0x0000000088a00000| PB 0x0000000088a00000| Untracked 
|  61|0x0000000088b00000, 0x0000000088b00000, 0x0000000088c00000|  0%| F|  |TAMS 0x0000000088b00000| PB 0x0000000088b00000| Untracked 
|  62|0x0000000088c00000, 0x0000000088c00000, 0x0000000088d00000|  0%| F|  |TAMS 0x0000000088c00000| PB 0x0000000088c00000| Untracked 
|  63|0x0000000088d00000, 0x0000000088d00000, 0x0000000088e00000|  0%| F|  |TAMS 0x0000000088d00000| PB 0x0000000088d00000| Untracked 
|  64|0x0000000088e00000, 0x0000000088e267f0, 0x0000000088f00000| 15%| E|  |TAMS 0x0000000088e00000| PB 0x0000000088e00000| Complete 
|  65|0x0000000088f00000, 0x0000000089000000, 0x0000000089000000|100%| E|CS|TAMS 0x0000000088f00000| PB 0x0000000088f00000| Complete 
|  96|0x000000008ae00000, 0x000000008af00000, 0x000000008af00000|100%| E|CS|TAMS 0x000000008ae00000| PB 0x000000008ae00000| Complete 
|  97|0x000000008af00000, 0x000000008b000000, 0x000000008b000000|100%| E|CS|TAMS 0x000000008af00000| PB 0x000000008af00000| Complete 
| 123|0x000000008c900000, 0x000000008ca00000, 0x000000008ca00000|100%| E|CS|TAMS 0x000000008c900000| PB 0x000000008c900000| Complete 

Card table byte_map: [0x0000017154770000,0x0000017154b50000] _byte_map_base: 0x0000017154349000

Marking Bits: (CMBitMap*) 0x000001714b212d70
 Bits: [0x0000017154b50000, 0x0000017156a18000)

Polling page: 0x000001714b270000

Metaspace:

Usage:
  Non-class:     69.89 MB used.
      Class:     10.74 MB used.
       Both:     80.63 MB used.

Virtual space:
  Non-class space:      128.00 MB reserved,      70.25 MB ( 55%) committed,  2 nodes.
      Class space:        1.00 GB reserved,      11.00 MB (  1%) committed,  1 nodes.
             Both:        1.12 GB reserved,      81.25 MB (  7%) committed. 

Chunk freelists:
   Non-Class:  8.68 MB
       Class:  4.95 MB
        Both:  13.63 MB

MaxMetaspaceSize: unlimited
CompressedClassSpaceSize: 1.00 GB
Initial GC threshold: 21.00 MB
Current GC threshold: 134.94 MB
CDS: off
 - commit_granule_bytes: 65536.
 - commit_granule_words: 8192.
 - virtual_space_node_default_size: 8388608.
 - enlarge_chunks_in_place: 1.
 - use_allocation_guard: 0.


Internal statistics:

num_allocs_failed_limit: 9.
num_arena_births: 1370.
num_arena_deaths: 526.
num_vsnodes_births: 3.
num_vsnodes_deaths: 0.
num_space_committed: 1300.
num_space_uncommitted: 0.
num_chunks_returned_to_freelist: 625.
num_chunks_taken_from_freelist: 4167.
num_chunk_merges: 137.
num_chunk_splits: 2702.
num_chunks_enlarged: 2037.
num_inconsistent_stats: 0.

CodeCache: size=49152Kb used=12991Kb max_used=15236Kb free=36160Kb
 bounds [0x00000171505b0000, 0x00000171514a0000, 0x00000171535b0000]
 total_blobs=7697 nmethods=6926 adapters=693
 compilation: enabled
              stopped_count=0, restarted_count=0
 full_count=0

Compilation events (20 events):
Event: 1281.755 Thread 0x0000017159ad2340 nmethod 9441 0x0000017150967710 code [0x00000171509678a0, 0x0000017150967958]
Event: 1281.758 Thread 0x0000017159ad2340 9442   !   1       org.springframework.beans.factory.support.DefaultSingletonBeanRegistry::destroyBean (349 bytes)
Event: 1281.761 Thread 0x0000017159ad2340 nmethod 9442 0x0000017150966010 code [0x00000171509663a0, 0x0000017150966fa0]
Event: 1281.764 Thread 0x0000017159ad2340 9443   !   1       org.hibernate.internal.util.collections.BoundedConcurrentHashMap$Segment::clear (60 bytes)
Event: 1281.766 Thread 0x0000017159ad2340 nmethod 9443 0x0000017150965710 code [0x0000017150965920, 0x0000017150965d10]
Event: 1281.769 Thread 0x0000017159ad2340 9444       1       java.lang.invoke.VarHandleGuards::guard_LII_Z (86 bytes)
Event: 1281.773 Thread 0x0000017159ad2340 nmethod 9444 0x0000017150964210 code [0x00000171509644a0, 0x0000017150964e10]
Event: 1281.773 Thread 0x0000017159ad2340 9445       1       com.mysql.cj.jdbc.ConnectionImpl::checkClosed (8 bytes)
Event: 1281.773 Thread 0x0000017159ad2340 nmethod 9445 0x0000017150963e90 code [0x0000017150964020, 0x0000017150964118]
Event: 1281.773 Thread 0x0000017159ad2340 9446       1       com.mysql.cj.NativeSession::checkClosed (63 bytes)
Event: 1281.774 Thread 0x0000017159ad2340 nmethod 9446 0x0000017150963910 code [0x0000017150963ae0, 0x0000017150963d18]
Event: 1281.775 Thread 0x0000017159ad2340 9448       1       com.mysql.cj.NativeSession::isClosed (5 bytes)
Event: 1281.775 Thread 0x0000017159ad2340 nmethod 9448 0x0000017150963610 code [0x00000171509637a0, 0x0000017150963870]
Event: 1281.776 Thread 0x0000017159ad2340 9449       1       ch.qos.logback.classic.Logger::filterAndLog_0_Or3Plus (61 bytes)
Event: 1281.780 Thread 0x0000017159ad2340 nmethod 9449 0x0000017150962e10 code [0x0000017150963000, 0x00000171509633a0]
Event: 1281.780 Thread 0x0000017159ad2340 9450       1       sun.security.ssl.SSLSocketImpl::isClosed (5 bytes)
Event: 1281.781 Thread 0x0000017159ad2340 nmethod 9450 0x0000017150962b10 code [0x0000017150962ca0, 0x0000017150962d70]
Event: 1281.783 Thread 0x0000017159ad2340 9451       1       ch.qos.logback.classic.Level::toString (5 bytes)
Event: 1281.783 Thread 0x0000017159ad2340 nmethod 9451 0x0000017150962810 code [0x00000171509629a0, 0x0000017150962a68]
Event: 1281.799 Thread 0x0000017159ad2340 9453       1       java.util.ComparableTimSort::countRunAndMakeAscending (123 bytes)

GC Heap History (20 events):
Event: 501.147 GC heap after
{Heap after GC invocations=23 (full 0):
 garbage-first heap   total 55296K, used 33812K [0x0000000084e00000, 0x0000000100000000)
  region size 1024K, 3 young (3072K), 3 survivors (3072K)
 Metaspace       used 81610K, committed 82368K, reserved 1179648K
  class space    used 10919K, committed 11264K, reserved 1048576K
}
Event: 800.834 GC heap before
{Heap before GC invocations=24 (full 0):
 garbage-first heap   total 58368K, used 47124K [0x0000000084e00000, 0x0000000100000000)
  region size 1024K, 16 young (16384K), 3 survivors (3072K)
 Metaspace       used 81283K, committed 82368K, reserved 1179648K
  class space    used 10830K, committed 11264K, reserved 1048576K
}
Event: 800.867 GC heap after
{Heap after GC invocations=25 (full 0):
 garbage-first heap   total 58368K, used 33938K [0x0000000084e00000, 0x0000000100000000)
  region size 1024K, 1 young (1024K), 1 survivors (1024K)
 Metaspace       used 81283K, committed 82368K, reserved 1179648K
  class space    used 10830K, committed 11264K, reserved 1048576K
}
Event: 965.027 GC heap before
{Heap before GC invocations=25 (full 0):
 garbage-first heap   total 58368K, used 45202K [0x0000000084e00000, 0x0000000100000000)
  region size 1024K, 13 young (13312K), 1 survivors (1024K)
 Metaspace       used 81797K, committed 82496K, reserved 1179648K
  class space    used 10911K, committed 11264K, reserved 1048576K
}
Event: 965.205 GC heap after
{Heap after GC invocations=26 (full 1):
 garbage-first heap   total 58368K, used 25284K [0x0000000084e00000, 0x0000000100000000)
  region size 1024K, 0 young (0K), 0 survivors (0K)
 Metaspace       used 81766K, committed 82496K, reserved 1179648K
  class space    used 10903K, committed 11264K, reserved 1048576K
}
Event: 965.530 GC heap before
{Heap before GC invocations=26 (full 1):
 garbage-first heap   total 58368K, used 50884K [0x0000000084e00000, 0x0000000100000000)
  region size 1024K, 25 young (25600K), 0 survivors (0K)
 Metaspace       used 81858K, committed 82496K, reserved 1179648K
  class space    used 10920K, committed 11264K, reserved 1048576K
}
Event: 965.535 GC heap after
{Heap after GC invocations=27 (full 1):
 garbage-first heap   total 58368K, used 28021K [0x0000000084e00000, 0x0000000100000000)
  region size 1024K, 3 young (3072K), 3 survivors (3072K)
 Metaspace       used 81858K, committed 82496K, reserved 1179648K
  class space    used 10920K, committed 11264K, reserved 1048576K
}
Event: 965.908 GC heap before
{Heap before GC invocations=28 (full 1):
 garbage-first heap   total 58368K, used 47477K [0x0000000084e00000, 0x0000000100000000)
  region size 1024K, 23 young (23552K), 3 survivors (3072K)
 Metaspace       used 81910K, committed 82560K, reserved 1179648K
  class space    used 10936K, committed 11264K, reserved 1048576K
}
Event: 965.911 GC heap after
{Heap after GC invocations=29 (full 1):
 garbage-first heap   total 70656K, used 30383K [0x0000000084e00000, 0x0000000100000000)
  region size 1024K, 3 young (3072K), 3 survivors (3072K)
 Metaspace       used 81910K, committed 82560K, reserved 1179648K
  class space    used 10936K, committed 11264K, reserved 1048576K
}
Event: 966.225 GC heap before
{Heap before GC invocations=29 (full 1):
 garbage-first heap   total 70656K, used 59055K [0x0000000084e00000, 0x0000000100000000)
  region size 1024K, 31 young (31744K), 3 survivors (3072K)
 Metaspace       used 82256K, committed 82880K, reserved 1179648K
  class space    used 10975K, committed 11264K, reserved 1048576K
}
Event: 966.228 GC heap after
{Heap after GC invocations=30 (full 1):
 garbage-first heap   total 70656K, used 33845K [0x0000000084e00000, 0x0000000100000000)
  region size 1024K, 4 young (4096K), 4 survivors (4096K)
 Metaspace       used 82256K, committed 82880K, reserved 1179648K
  class space    used 10975K, committed 11264K, reserved 1048576K
}
Event: 992.557 GC heap before
{Heap before GC invocations=30 (full 1):
 garbage-first heap   total 70656K, used 42037K [0x0000000084e00000, 0x0000000100000000)
  region size 1024K, 13 young (13312K), 4 survivors (4096K)
 Metaspace       used 82262K, committed 82880K, reserved 1179648K
  class space    used 10977K, committed 11264K, reserved 1048576K
}
Event: 992.616 GC heap after
{Heap after GC invocations=31 (full 2):
 garbage-first heap   total 70656K, used 28263K [0x0000000084e00000, 0x0000000100000000)
  region size 1024K, 0 young (0K), 0 survivors (0K)
 Metaspace       used 82205K, committed 82880K, reserved 1179648K
  class space    used 10962K, committed 11264K, reserved 1048576K
}
Event: 992.840 GC heap before
{Heap before GC invocations=31 (full 2):
 garbage-first heap   total 70656K, used 56935K [0x0000000084e00000, 0x0000000100000000)
  region size 1024K, 29 young (29696K), 0 survivors (0K)
 Metaspace       used 82273K, committed 82880K, reserved 1179648K
  class space    used 10973K, committed 11264K, reserved 1048576K
}
Event: 992.843 GC heap after
{Heap after GC invocations=32 (full 2):
 garbage-first heap   total 70656K, used 31274K [0x0000000084e00000, 0x0000000100000000)
  region size 1024K, 3 young (3072K), 3 survivors (3072K)
 Metaspace       used 82273K, committed 82880K, reserved 1179648K
  class space    used 10973K, committed 11264K, reserved 1048576K
}
Event: 993.049 GC heap before
{Heap before GC invocations=33 (full 2):
 garbage-first heap   total 70656K, used 57898K [0x0000000084e00000, 0x0000000100000000)
  region size 1024K, 30 young (30720K), 3 survivors (3072K)
 Metaspace       used 82548K, committed 83136K, reserved 1179648K
  class space    used 10997K, committed 11264K, reserved 1048576K
}
Event: 993.052 GC heap after
{Heap after GC invocations=34 (full 2):
 garbage-first heap   total 70656K, used 32922K [0x0000000084e00000, 0x0000000100000000)
  region size 1024K, 2 young (2048K), 2 survivors (2048K)
 Metaspace       used 82548K, committed 83136K, reserved 1179648K
  class space    used 10997K, committed 11264K, reserved 1048576K
}
Event: 1207.915 GC heap before
{Heap before GC invocations=34 (full 2):
 garbage-first heap   total 70656K, used 60570K [0x0000000084e00000, 0x0000000100000000)
  region size 1024K, 29 young (29696K), 2 survivors (2048K)
 Metaspace       used 82566K, committed 83136K, reserved 1179648K
  class space    used 11000K, committed 11264K, reserved 1048576K
}
Event: 1207.920 GC heap after
{Heap after GC invocations=35 (full 2):
 garbage-first heap   total 70656K, used 35279K [0x0000000084e00000, 0x0000000100000000)
  region size 1024K, 4 young (4096K), 4 survivors (4096K)
 Metaspace       used 82566K, committed 83136K, reserved 1179648K
  class space    used 11000K, committed 11264K, reserved 1048576K
}
Event: 1281.799 GC heap before
{Heap before GC invocations=35 (full 2):
 garbage-first heap   total 70656K, used 39375K [0x0000000084e00000, 0x0000000100000000)
  region size 1024K, 9 young (9216K), 4 survivors (4096K)
 Metaspace       used 82569K, committed 83200K, reserved 1179648K
  class space    used 11001K, committed 11264K, reserved 1048576K
}

Dll operation events (11 events):
Event: 0.006 Loaded shared library C:\Users\kashi\Downloads\STS\sts-4.26.0.RELEASE\plugins\org.eclipse.justj.openjdk.hotspot.jre.full.win32.x86_64_21.0.4.v20240802-1551\jre\bin\java.dll
Event: 0.010 Loaded shared library C:\Users\kashi\Downloads\STS\sts-4.26.0.RELEASE\plugins\org.eclipse.justj.openjdk.hotspot.jre.full.win32.x86_64_21.0.4.v20240802-1551\jre\bin\zip.dll
Event: 0.123 Loaded shared library C:\Users\kashi\Downloads\STS\sts-4.26.0.RELEASE\plugins\org.eclipse.justj.openjdk.hotspot.jre.full.win32.x86_64_21.0.4.v20240802-1551\jre\bin\jimage.dll
Event: 0.131 Loaded shared library C:\Users\kashi\Downloads\STS\sts-4.26.0.RELEASE\plugins\org.eclipse.justj.openjdk.hotspot.jre.full.win32.x86_64_21.0.4.v20240802-1551\jre\bin\net.dll
Event: 0.132 Loaded shared library C:\Users\kashi\Downloads\STS\sts-4.26.0.RELEASE\plugins\org.eclipse.justj.openjdk.hotspot.jre.full.win32.x86_64_21.0.4.v20240802-1551\jre\bin\nio.dll
Event: 0.136 Loaded shared library C:\Users\kashi\Downloads\STS\sts-4.26.0.RELEASE\plugins\org.eclipse.justj.openjdk.hotspot.jre.full.win32.x86_64_21.0.4.v20240802-1551\jre\bin\zip.dll
Event: 0.175 Loaded shared library C:\Users\kashi\Downloads\STS\sts-4.26.0.RELEASE\plugins\org.eclipse.justj.openjdk.hotspot.jre.full.win32.x86_64_21.0.4.v20240802-1551\jre\bin\management.dll
Event: 0.186 Loaded shared library C:\Users\kashi\Downloads\STS\sts-4.26.0.RELEASE\plugins\org.eclipse.justj.openjdk.hotspot.jre.full.win32.x86_64_21.0.4.v20240802-1551\jre\bin\management_ext.dll
Event: 0.366 Loaded shared library C:\Users\kashi\Downloads\STS\sts-4.26.0.RELEASE\plugins\org.eclipse.justj.openjdk.hotspot.jre.full.win32.x86_64_21.0.4.v20240802-1551\jre\bin\extnet.dll
Event: 1.087 Loaded shared library C:\Users\kashi\Downloads\STS\sts-4.26.0.RELEASE\plugins\org.eclipse.justj.openjdk.hotspot.jre.full.win32.x86_64_21.0.4.v20240802-1551\jre\bin\sunmscapi.dll
Event: 2.445 Loaded shared library C:\Users\kashi\Downloads\STS\sts-4.26.0.RELEASE\plugins\org.eclipse.justj.openjdk.hotspot.jre.full.win32.x86_64_21.0.4.v20240802-1551\jre\bin\verify.dll

Deoptimization events (2 events):
Event: 1.825 Thread 0x000001715f0bd580 DEOPT PACKING pc=0x0000017150e29ff4 sp=0x0000002e8c0fbb20
Event: 1.825 Thread 0x000001715f0bd580 DEOPT UNPACKING pc=0x0000017150604e42 sp=0x0000002e8c0fafe0 mode 0

Classes loaded (20 events):
Event: 964.479 Loading class java/util/concurrent/locks/AbstractQueuedSynchronizer$SharedNode
Event: 964.497 Loading class java/util/concurrent/locks/AbstractQueuedSynchronizer$SharedNode done
Event: 964.828 Loading class java/util/AbstractMap$2
Event: 964.844 Loading class java/util/AbstractMap$2 done
Event: 964.854 Loading class java/util/AbstractMap$2$1
Event: 964.857 Loading class java/util/AbstractMap$2$1 done
Event: 964.905 Loading class sun/security/ssl/Alert
Event: 964.920 Loading class sun/security/ssl/Alert done
Event: 964.924 Loading class sun/security/ssl/Alert$AlertConsumer
Event: 964.933 Loading class sun/security/ssl/Alert$AlertConsumer done
Event: 964.933 Loading class sun/security/ssl/Alert$Level
Event: 964.938 Loading class sun/security/ssl/Alert$Level done
Event: 964.942 Loading class sun/net/ConnectionResetException
Event: 964.944 Loading class sun/net/ConnectionResetException done
Event: 965.205 Loading class java/lang/ref/Finalizer$2
Event: 965.208 Loading class java/lang/ref/Finalizer$2 done
Event: 965.208 Loading class java/lang/ref/Finalizer$1
Event: 965.211 Loading class java/lang/ref/Finalizer$1 done
Event: 966.141 Loading class java/time/DurationEditor
Event: 966.141 Loading class java/time/DurationEditor done

Classes unloaded (20 events):
Event: 992.580 Thread 0x0000017159a200b0 Unloading class 0x00000001009e8400 'java/lang/invoke/LambdaForm$MH+0x00000001009e8400'
Event: 992.580 Thread 0x0000017159a200b0 Unloading class 0x00000001009e1000 'java/lang/invoke/LambdaForm$MH+0x00000001009e1000'
Event: 992.580 Thread 0x0000017159a200b0 Unloading class 0x00000001009e0800 'java/lang/invoke/LambdaForm$MH+0x00000001009e0800'
Event: 992.580 Thread 0x0000017159a200b0 Unloading class 0x0000000100858800 'java/lang/invoke/LambdaForm$MH+0x0000000100858800'
Event: 992.580 Thread 0x0000017159a200b0 Unloading class 0x0000000100535c00 'java/lang/invoke/LambdaForm$MH+0x0000000100535c00'
Event: 992.580 Thread 0x0000017159a200b0 Unloading class 0x0000000100534c00 'java/lang/invoke/LambdaForm$MH+0x0000000100534c00'
Event: 992.580 Thread 0x0000017159a200b0 Unloading class 0x0000000100526400 'java/lang/invoke/LambdaForm$MH+0x0000000100526400'
Event: 992.580 Thread 0x0000017159a200b0 Unloading class 0x0000000100526000 'java/lang/invoke/LambdaForm$MH+0x0000000100526000'
Event: 992.580 Thread 0x0000017159a200b0 Unloading class 0x0000000100524800 'java/lang/invoke/LambdaForm$MH+0x0000000100524800'
Event: 992.580 Thread 0x0000017159a200b0 Unloading class 0x00000001004d8c00 'java/lang/invoke/LambdaForm$MH+0x00000001004d8c00'
Event: 992.580 Thread 0x0000017159a200b0 Unloading class 0x00000001004bd400 'java/lang/invoke/LambdaForm$MH+0x00000001004bd400'
Event: 992.580 Thread 0x0000017159a200b0 Unloading class 0x00000001004bcc00 'java/lang/invoke/LambdaForm$MH+0x00000001004bcc00'
Event: 992.580 Thread 0x0000017159a200b0 Unloading class 0x00000001004a4c00 'java/lang/invoke/LambdaForm$MH+0x00000001004a4c00'
Event: 992.580 Thread 0x0000017159a200b0 Unloading class 0x0000000100498800 'java/lang/invoke/LambdaForm$MH+0x0000000100498800'
Event: 992.580 Thread 0x0000017159a200b0 Unloading class 0x0000000100484400 'java/lang/invoke/LambdaForm$MH+0x0000000100484400'
Event: 992.580 Thread 0x0000017159a200b0 Unloading class 0x0000000100241400 'java/lang/invoke/LambdaForm$MH+0x0000000100241400'
Event: 992.580 Thread 0x0000017159a200b0 Unloading class 0x00000001001a4800 'java/lang/invoke/LambdaForm$MH+0x00000001001a4800'
Event: 992.580 Thread 0x0000017159a200b0 Unloading class 0x0000000100143c00 'java/lang/invoke/LambdaForm$MH+0x0000000100143c00'
Event: 992.580 Thread 0x0000017159a200b0 Unloading class 0x0000000100143800 'java/lang/invoke/LambdaForm$MH+0x0000000100143800'
Event: 992.580 Thread 0x0000017159a200b0 Unloading class 0x0000000100000400 'java/lang/invoke/LambdaForm$MH+0x0000000100000400'

Classes redefined (0 events):
No events

Internal exceptions (20 events):
Event: 965.574 Thread 0x0000017161519800 Exception <a 'java/lang/NoClassDefFoundError'{0x000000008afa4050}: org/springframework/session/jdbc/JdbcIndexedSessionRepository> (0x000000008afa4050) 
thrown [s\src\hotspot\share\oops\constantPool.cpp, line 873]
Event: 965.579 Thread 0x0000017161519800 Exception <a 'java/lang/NoSuchMethodError'{0x000000008ae382c8}: 'void java.lang.invoke.DelegatingMethodHandle$Holder.reinvoke_L(java.lang.Object, java.lang.Object, int)'> (0x000000008ae382c8) 
thrown [s\src\hotspot\share\interpreter\linkResolver.cpp, line 773]
Event: 965.649 Thread 0x0000017161519800 Exception <a 'java/lang/NoSuchMethodError'{0x0000000087edcd58}: 'int java.lang.invoke.DirectMethodHandle$Holder.invokeVirtual(java.lang.Object, java.lang.Object, java.lang.Object, java.lang.Object)'> (0x0000000087edcd58) 
thrown [s\src\hotspot\share\interpreter\linkResolver.cpp, line 773]
Event: 965.649 Thread 0x0000017161519800 Exception <a 'java/lang/NoSuchMethodError'{0x0000000087ee0340}: 'int java.lang.invoke.DelegatingMethodHandle$Holder.reinvoke_L(java.lang.Object, java.lang.Object, java.lang.Object, java.lang.Object)'> (0x0000000087ee0340) 
thrown [s\src\hotspot\share\interpreter\linkResolver.cpp, line 773]
Event: 965.664 Thread 0x0000017161519800 Exception <a 'java/io/FileNotFoundException'{0x0000000087d26a70}> (0x0000000087d26a70) 
thrown [s\src\hotspot\share\prims\jni.cpp, line 520]
Event: 965.688 Thread 0x0000017161519800 Exception <a 'java/io/FileNotFoundException'{0x0000000087cf31a0}> (0x0000000087cf31a0) 
thrown [s\src\hotspot\share\prims\jni.cpp, line 520]
Event: 992.546 Thread 0x000001715f0bdc10 Exception <a 'java/io/IOException'{0x0000000088a64698}> (0x0000000088a64698) 
thrown [s\src\hotspot\share\prims\jni.cpp, line 520]
Event: 992.546 Thread 0x000001715f0bdc10 Exception <a 'java/io/IOException'{0x0000000088a65558}> (0x0000000088a65558) 
thrown [s\src\hotspot\share\prims\jni.cpp, line 520]
Event: 992.556 Thread 0x000001716151a520 Exception <a 'java/lang/InterruptedException'{0x0000000088a97230}: sleep interrupted> (0x0000000088a97230) 
thrown [s\src\hotspot\share\prims\jvm.cpp, line 3074]
Event: 992.624 Thread 0x000001715f0bd580 Exception <a 'sun/nio/fs/WindowsException'{0x000000008c978c98}> (0x000000008c978c98) 
thrown [s\src\hotspot\share\prims\jni.cpp, line 520]
Event: 992.818 Thread 0x000001715f0bd580 Exception <a 'java/lang/NoClassDefFoundError'{0x0000000087abccb0}: org/flywaydb/core/Flyway> (0x0000000087abccb0) 
thrown [s\src\hotspot\share\oops\constantPool.cpp, line 873]
Event: 992.818 Thread 0x000001715f0bd580 Exception <a 'java/lang/NoClassDefFoundError'{0x0000000087abd310}: liquibase/integration/spring/SpringLiquibase> (0x0000000087abd310) 
thrown [s\src\hotspot\share\oops\constantPool.cpp, line 873]
Event: 992.822 Thread 0x000001715f0bd580 Exception <a 'java/lang/NoClassDefFoundError'{0x0000000087927d60}: org/jooq/DSLContext> (0x0000000087927d60) 
thrown [s\src\hotspot\share\oops\constantPool.cpp, line 873]
Event: 992.822 Thread 0x000001715f0bd580 Exception <a 'java/lang/NoClassDefFoundError'{0x0000000087935688}: org/springframework/batch/core/repository/JobRepository> (0x0000000087935688) 
thrown [s\src\hotspot\share\oops\constantPool.cpp, line 873]
Event: 992.822 Thread 0x000001715f0bd580 Exception <a 'java/lang/NoClassDefFoundError'{0x0000000087935ce0}: org/quartz/Scheduler> (0x0000000087935ce0) 
thrown [s\src\hotspot\share\oops\constantPool.cpp, line 873]
Event: 992.822 Thread 0x000001715f0bd580 Exception <a 'java/lang/NoClassDefFoundError'{0x0000000087936360}: org/springframework/session/jdbc/JdbcIndexedSessionRepository> (0x0000000087936360) 
thrown [s\src\hotspot\share\oops\constantPool.cpp, line 873]
Event: 992.875 Thread 0x000001715f0bd580 Exception <a 'java/io/FileNotFoundException'{0x000000008aeaa4c8}> (0x000000008aeaa4c8) 
thrown [s\src\hotspot\share\prims\jni.cpp, line 520]
Event: 992.893 Thread 0x000001715f0bd580 Exception <a 'java/io/FileNotFoundException'{0x0000000088e82888}> (0x0000000088e82888) 
thrown [s\src\hotspot\share\prims\jni.cpp, line 520]
Event: 1200.544 Thread 0x000001715e7ad5b0 Exception <a 'java/lang/NoSuchMethodError'{0x00000000878bab78}: static [B.<clinit>()V> (0x00000000878bab78) 
thrown [s\src\hotspot\share\prims\jni.cpp, line 1111]
Event: 1281.799 Thread 0x000001715f0bf650 Exception <a 'java/lang/InterruptedException'{0x0000000088e14388}: sleep interrupted> (0x0000000088e14388) 
thrown [s\src\hotspot\share\prims\jvm.cpp, line 3074]

ZGC Phase Switch (0 events):
No events

VM Operations (20 events):
Event: 992.866 Executing VM operation: G1PauseCleanup done
Event: 993.048 Executing VM operation: G1CollectForAllocation (G1 Evacuation Pause)
Event: 993.052 Executing VM operation: G1CollectForAllocation (G1 Evacuation Pause) done
Event: 994.063 Executing VM operation: Cleanup
Event: 994.063 Executing VM operation: Cleanup done
Event: 996.079 Executing VM operation: Cleanup
Event: 996.079 Executing VM operation: Cleanup done
Event: 998.087 Executing VM operation: Cleanup
Event: 998.087 Executing VM operation: Cleanup done
Event: 1021.969 Executing VM operation: HandshakeAllThreads (HandshakeForDeflation)
Event: 1021.969 Executing VM operation: HandshakeAllThreads (HandshakeForDeflation) done
Event: 1021.969 Executing VM operation: RendezvousGCThreads
Event: 1021.969 Executing VM operation: RendezvousGCThreads done
Event: 1033.027 Executing VM operation: Cleanup
Event: 1033.027 Executing VM operation: Cleanup done
Event: 1078.405 Executing VM operation: Cleanup
Event: 1078.405 Executing VM operation: Cleanup done
Event: 1207.915 Executing VM operation: G1CollectForAllocation (G1 Evacuation Pause)
Event: 1207.920 Executing VM operation: G1CollectForAllocation (G1 Evacuation Pause) done
Event: 1281.799 Executing VM operation: G1CollectFull (System.gc())

Memory protections (0 events):
No events

Nmethod flushes (20 events):
Event: 992.861 Thread 0x0000017159a200b0 flushing  nmethod 0x0000017150b6b210
Event: 992.861 Thread 0x0000017159a200b0 flushing  nmethod 0x0000017150b6b810
Event: 992.861 Thread 0x0000017159a200b0 flushing  nmethod 0x0000017150b71190
Event: 992.861 Thread 0x0000017159a200b0 flushing  nmethod 0x0000017150b77790
Event: 992.861 Thread 0x0000017159a200b0 flushing  nmethod 0x0000017150c70590
Event: 992.861 Thread 0x0000017159a200b0 flushing  nmethod 0x0000017150c71210
Event: 992.861 Thread 0x0000017159a200b0 flushing  nmethod 0x0000017150c94790
Event: 992.861 Thread 0x0000017159a200b0 flushing  nmethod 0x0000017150ce0210
Event: 992.861 Thread 0x0000017159a200b0 flushing  nmethod 0x0000017150d1d410
Event: 992.861 Thread 0x0000017159a200b0 flushing  nmethod 0x0000017150e5eb90
Event: 992.861 Thread 0x0000017159a200b0 flushing  nmethod 0x0000017150e5ef90
Event: 992.861 Thread 0x0000017159a200b0 flushing  nmethod 0x0000017150e5fd90
Event: 992.861 Thread 0x0000017159a200b0 flushing  nmethod 0x0000017150e60410
Event: 992.861 Thread 0x0000017159a200b0 flushing  nmethod 0x0000017150e61510
Event: 992.861 Thread 0x0000017159a200b0 flushing  nmethod 0x0000017150e61b10
Event: 992.861 Thread 0x0000017159a200b0 flushing  nmethod 0x0000017150ea3890
Event: 992.861 Thread 0x0000017159a200b0 flushing  nmethod 0x0000017150fb0a90
Event: 992.861 Thread 0x0000017159a200b0 flushing  nmethod 0x0000017151063290
Event: 992.861 Thread 0x0000017159a200b0 flushing  nmethod 0x0000017151063590
Event: 992.861 Thread 0x0000017159a200b0 flushing  nmethod 0x0000017151248d90

Events (20 events):
Event: 1281.741 Thread 0x000001716151cc80 Thread added: 0x000001716151e030
Event: 1281.753 Thread 0x000001716151c5f0 Thread exited: 0x000001716151c5f0
Event: 1281.754 Thread 0x000001716151e030 Thread exited: 0x000001716151e030
Event: 1281.754 Thread 0x000001716151d310 Thread exited: 0x000001716151d310
Event: 1281.755 Thread 0x0000017161518450 Thread exited: 0x0000017161518450
Event: 1281.755 Thread 0x0000017161517730 Thread exited: 0x0000017161517730
Event: 1281.755 Thread 0x000001716151d9a0 Thread exited: 0x000001716151d9a0
Event: 1281.755 Thread 0x0000017161519e90 Thread exited: 0x0000017161519e90
Event: 1281.755 Thread 0x000001716151b240 Thread exited: 0x000001716151b240
Event: 1281.755 Thread 0x0000017161519170 Thread exited: 0x0000017161519170
Event: 1281.755 Thread 0x0000017161519800 Thread exited: 0x0000017161519800
Event: 1281.755 Thread 0x000001716151a520 Thread exited: 0x000001716151a520
Event: 1281.756 Thread 0x0000017161517dc0 Thread exited: 0x0000017161517dc0
Event: 1281.756 Thread 0x000001716151b8d0 Thread exited: 0x000001716151b8d0
Event: 1281.768 Thread 0x000001716151cc80 Thread added: 0x0000017161517730
Event: 1281.769 Thread 0x000001715f0c0370 Thread exited: 0x000001715f0c0370
Event: 1281.782 Thread 0x0000017161517730 Thread exited: 0x0000017161517730
Event: 1281.798 Thread 0x000001715f0bdc10 Thread exited: 0x000001715f0bdc10
Event: 1281.799 Thread 0x000001715f0bcef0 Thread exited: 0x000001715f0bcef0
Event: 1281.799 Thread 0x000001715f0bf650 Thread exited: 0x000001715f0bf650


Dynamic libraries:
0x00007ff6b4370000 - 0x00007ff6b437e000 	C:\Users\kashi\Downloads\STS\sts-4.26.0.RELEASE\plugins\org.eclipse.justj.openjdk.hotspot.jre.full.win32.x86_64_21.0.4.v20240802-1551\jre\bin\javaw.exe
0x00007ffe1ba00000 - 0x00007ffe1bc63000 	C:\WINDOWS\SYSTEM32\ntdll.dll
0x00007ffe19ae0000 - 0x00007ffe19ba7000 	C:\WINDOWS\System32\KERNEL32.DLL
0x00007ffe19010000 - 0x00007ffe193d7000 	C:\WINDOWS\System32\KERNELBASE.dll
0x00007ffe193e0000 - 0x00007ffe1952c000 	C:\WINDOWS\System32\ucrtbase.dll
0x00007ffdd6f30000 - 0x00007ffdd6f4b000 	C:\Users\kashi\Downloads\STS\sts-4.26.0.RELEASE\plugins\org.eclipse.justj.openjdk.hotspot.jre.full.win32.x86_64_21.0.4.v20240802-1551\jre\bin\VCRUNTIME140.dll
0x00007ffdd8df0000 - 0x00007ffdd8e08000 	C:\Users\kashi\Downloads\STS\sts-4.26.0.RELEASE\plugins\org.eclipse.justj.openjdk.hotspot.jre.full.win32.x86_64_21.0.4.v20240802-1551\jre\bin\jli.dll
0x00007ffe19c60000 - 0x00007ffe19e29000 	C:\WINDOWS\System32\USER32.dll
0x00007ffe18f20000 - 0x00007ffe18f47000 	C:\WINDOWS\System32\win32u.dll
0x00007ffdefa90000 - 0x00007ffdefd20000 	C:\WINDOWS\WinSxS\amd64_microsoft.windows.common-controls_6595b64144ccf1df_6.0.26100.3037_none_3e09262ce333c378\COMCTL32.dll
0x00007ffe1b050000 - 0x00007ffe1b07a000 	C:\WINDOWS\System32\GDI32.dll
0x00007ffe19680000 - 0x00007ffe197ab000 	C:\WINDOWS\System32\gdi32full.dll
0x00007ffe19bb0000 - 0x00007ffe19c59000 	C:\WINDOWS\System32\msvcrt.dll
0x00007ffe19530000 - 0x00007ffe195d3000 	C:\WINDOWS\System32\msvcp_win.dll
0x00007ffe19850000 - 0x00007ffe1987f000 	C:\WINDOWS\System32\IMM32.DLL
0x00007ffe06cf0000 - 0x00007ffe06cfc000 	C:\Users\kashi\Downloads\STS\sts-4.26.0.RELEASE\plugins\org.eclipse.justj.openjdk.hotspot.jre.full.win32.x86_64_21.0.4.v20240802-1551\jre\bin\vcruntime140_1.dll
0x00007ffdbd1f0000 - 0x00007ffdbd27e000 	C:\Users\kashi\Downloads\STS\sts-4.26.0.RELEASE\plugins\org.eclipse.justj.openjdk.hotspot.jre.full.win32.x86_64_21.0.4.v20240802-1551\jre\bin\msvcp140.dll
0x00007ffd93450000 - 0x00007ffd941d8000 	C:\Users\kashi\Downloads\STS\sts-4.26.0.RELEASE\plugins\org.eclipse.justj.openjdk.hotspot.jre.full.win32.x86_64_21.0.4.v20240802-1551\jre\bin\server\jvm.dll
0x00007ffe1b630000 - 0x00007ffe1b6e4000 	C:\WINDOWS\System32\ADVAPI32.dll
0x00007ffe1b6f0000 - 0x00007ffe1b796000 	C:\WINDOWS\System32\sechost.dll
0x00007ffe1af30000 - 0x00007ffe1b046000 	C:\WINDOWS\System32\RPCRT4.dll
0x00007ffe19890000 - 0x00007ffe19904000 	C:\WINDOWS\System32\WS2_32.dll
0x00007ffe10890000 - 0x00007ffe108c6000 	C:\WINDOWS\SYSTEM32\WINMM.dll
0x00007ffe17a40000 - 0x00007ffe17a8e000 	C:\WINDOWS\SYSTEM32\POWRPROF.dll
0x00007ffe0d890000 - 0x00007ffe0d89b000 	C:\WINDOWS\SYSTEM32\VERSION.dll
0x00007ffe17a20000 - 0x00007ffe17a34000 	C:\WINDOWS\SYSTEM32\UMPDC.dll
0x00007ffe17ce0000 - 0x00007ffe17cfa000 	C:\WINDOWS\SYSTEM32\kernel.appcore.dll
0x00007ffe01460000 - 0x00007ffe0146a000 	C:\Users\kashi\Downloads\STS\sts-4.26.0.RELEASE\plugins\org.eclipse.justj.openjdk.hotspot.jre.full.win32.x86_64_21.0.4.v20240802-1551\jre\bin\jimage.dll
0x00007ffe16600000 - 0x00007ffe16841000 	C:\WINDOWS\SYSTEM32\DBGHELP.DLL
0x00007ffe1aba0000 - 0x00007ffe1af1e000 	C:\WINDOWS\System32\combase.dll
0x00007ffe19ed0000 - 0x00007ffe19fa6000 	C:\WINDOWS\System32\OLEAUT32.dll
0x00007ffdf2330000 - 0x00007ffdf2369000 	C:\WINDOWS\SYSTEM32\dbgcore.DLL
0x00007ffe195e0000 - 0x00007ffe19679000 	C:\WINDOWS\System32\bcryptPrimitives.dll
0x00007ffdefdf0000 - 0x00007ffdefe0f000 	C:\Users\kashi\Downloads\STS\sts-4.26.0.RELEASE\plugins\org.eclipse.justj.openjdk.hotspot.jre.full.win32.x86_64_21.0.4.v20240802-1551\jre\bin\java.dll
0x00007ffde6ae0000 - 0x00007ffde6af8000 	C:\Users\kashi\Downloads\STS\sts-4.26.0.RELEASE\plugins\org.eclipse.justj.openjdk.hotspot.jre.full.win32.x86_64_21.0.4.v20240802-1551\jre\bin\zip.dll
0x00007ffe1a490000 - 0x00007ffe1ab94000 	C:\WINDOWS\System32\SHELL32.dll
0x00007ffe16aa0000 - 0x00007ffe172d7000 	C:\WINDOWS\SYSTEM32\windows.storage.dll
0x00007ffe1b540000 - 0x00007ffe1b629000 	C:\WINDOWS\System32\SHCORE.dll
0x00007ffe19fc0000 - 0x00007ffe1a01d000 	C:\WINDOWS\System32\shlwapi.dll
0x00007ffe18cb0000 - 0x00007ffe18cde000 	C:\WINDOWS\SYSTEM32\profapi.dll
0x00007ffe01040000 - 0x00007ffe01050000 	C:\Users\kashi\Downloads\STS\sts-4.26.0.RELEASE\plugins\org.eclipse.justj.openjdk.hotspot.jre.full.win32.x86_64_21.0.4.v20240802-1551\jre\bin\net.dll
0x00007ffe0f440000 - 0x00007ffe0f55e000 	C:\WINDOWS\SYSTEM32\WINHTTP.dll
0x00007ffe181f0000 - 0x00007ffe1825a000 	C:\WINDOWS\system32\mswsock.dll
0x00007ffdd8a60000 - 0x00007ffdd8a76000 	C:\Users\kashi\Downloads\STS\sts-4.26.0.RELEASE\plugins\org.eclipse.justj.openjdk.hotspot.jre.full.win32.x86_64_21.0.4.v20240802-1551\jre\bin\nio.dll
0x00007ffdff100000 - 0x00007ffdff10a000 	C:\Users\kashi\Downloads\STS\sts-4.26.0.RELEASE\plugins\org.eclipse.justj.openjdk.hotspot.jre.full.win32.x86_64_21.0.4.v20240802-1551\jre\bin\management.dll
0x00007ffdff010000 - 0x00007ffdff01b000 	C:\Users\kashi\Downloads\STS\sts-4.26.0.RELEASE\plugins\org.eclipse.justj.openjdk.hotspot.jre.full.win32.x86_64_21.0.4.v20240802-1551\jre\bin\management_ext.dll
0x00007ffe1a380000 - 0x00007ffe1a388000 	C:\WINDOWS\System32\PSAPI.DLL
0x00007ffdebfd0000 - 0x00007ffdebfe8000 	C:\WINDOWS\system32\napinsp.dll
0x00007ffe17770000 - 0x00007ffe17895000 	C:\WINDOWS\SYSTEM32\DNSAPI.dll
0x00007ffe176d0000 - 0x00007ffe17702000 	C:\WINDOWS\SYSTEM32\IPHLPAPI.DLL
0x00007ffe19840000 - 0x00007ffe1984a000 	C:\WINDOWS\System32\NSI.dll
0x00007ffde6190000 - 0x00007ffde61a2000 	C:\WINDOWS\System32\winrnr.dll
0x00007ffde6160000 - 0x00007ffde6182000 	C:\WINDOWS\system32\nlansp_c.dll
0x00007ffde66c0000 - 0x00007ffde66d6000 	C:\WINDOWS\system32\wshbth.dll
0x00007ffe0e790000 - 0x00007ffe0e79b000 	C:\Windows\System32\rasadhlp.dll
0x00007ffe10800000 - 0x00007ffe10885000 	C:\WINDOWS\System32\fwpuclnt.dll
0x00007ffe18490000 - 0x00007ffe184ac000 	C:\WINDOWS\SYSTEM32\CRYPTSP.dll
0x00007ffe17c40000 - 0x00007ffe17c78000 	C:\WINDOWS\system32\rsaenh.dll
0x00007ffe18290000 - 0x00007ffe182bb000 	C:\WINDOWS\SYSTEM32\USERENV.dll
0x00007ffe186d0000 - 0x00007ffe186f6000 	C:\WINDOWS\SYSTEM32\bcrypt.dll
0x00007ffe184b0000 - 0x00007ffe184bc000 	C:\WINDOWS\SYSTEM32\CRYPTBASE.dll
0x00007ffdf2860000 - 0x00007ffdf2869000 	C:\Users\kashi\Downloads\STS\sts-4.26.0.RELEASE\plugins\org.eclipse.justj.openjdk.hotspot.jre.full.win32.x86_64_21.0.4.v20240802-1551\jre\bin\extnet.dll
0x00007ffe0efd0000 - 0x00007ffe0efde000 	C:\Users\kashi\Downloads\STS\sts-4.26.0.RELEASE\plugins\org.eclipse.justj.openjdk.hotspot.jre.full.win32.x86_64_21.0.4.v20240802-1551\jre\bin\sunmscapi.dll
0x00007ffe18da0000 - 0x00007ffe18f16000 	C:\WINDOWS\System32\CRYPT32.dll
0x00007ffe18690000 - 0x00007ffe186c0000 	C:\WINDOWS\SYSTEM32\ncrypt.dll
0x00007ffe18640000 - 0x00007ffe1867f000 	C:\WINDOWS\SYSTEM32\NTASN1.dll
0x00007ffe0fda0000 - 0x00007ffe0fdb0000 	C:\Users\kashi\Downloads\STS\sts-4.26.0.RELEASE\plugins\org.eclipse.justj.openjdk.hotspot.jre.full.win32.x86_64_21.0.4.v20240802-1551\jre\bin\verify.dll
0x00007ffddc850000 - 0x00007ffddc858000 	C:\WINDOWS\system32\wshunix.dll

dbghelp: loaded successfully - version: 4.0.5 - missing functions: none
symbol engine: initialized successfully - sym options: 0x614 - pdb path: .;C:\Users\kashi\Downloads\STS\sts-4.26.0.RELEASE\plugins\org.eclipse.justj.openjdk.hotspot.jre.full.win32.x86_64_21.0.4.v20240802-1551\jre\bin;C:\WINDOWS\SYSTEM32;C:\WINDOWS\WinSxS\amd64_microsoft.windows.common-controls_6595b64144ccf1df_6.0.26100.3037_none_3e09262ce333c378;C:\Users\kashi\Downloads\STS\sts-4.26.0.RELEASE\plugins\org.eclipse.justj.openjdk.hotspot.jre.full.win32.x86_64_21.0.4.v20240802-1551\jre\bin\server

VM Arguments:
jvm_args: -Dcom.sun.management.jmxremote -Dcom.sun.management.jmxremote.port=57706 -Dcom.sun.management.jmxremote.authenticate=false -Dcom.sun.management.jmxremote.ssl=false -Djava.rmi.server.hostname=localhost -Dspring.jmx.enabled=true -Dmanagement.endpoints.jmx.exposure.include=* -Dspring.application.admin.enabled=true -XX:TieredStopAtLevel=1 -Dspring.boot.project.name=college-management -Dfile.encoding=UTF-8 -Dstdout.encoding=UTF-8 -Dstderr.encoding=UTF-8 -XX:+ShowCodeDetailsInExceptionMessages 
java_command: com.system.college_management.CollegeManagementApplication --spring.output.ansi.enabled=always
java_class_path (initial): C:\Users\kashi\Downloads\college-management\college-management\target\classes;C:\Users\kashi\.m2\repository\org\springframework\boot\spring-boot-starter-data-jpa\3.4.3\spring-boot-starter-data-jpa-3.4.3.jar;C:\Users\kashi\.m2\repository\org\springframework\boot\spring-boot-starter\3.4.3\spring-boot-starter-3.4.3.jar;C:\Users\kashi\.m2\repository\org\springframework\boot\spring-boot-starter-logging\3.4.3\spring-boot-starter-logging-3.4.3.jar;C:\Users\kashi\.m2\repository\ch\qos\logback\logback-classic\1.5.16\logback-classic-1.5.16.jar;C:\Users\kashi\.m2\repository\ch\qos\logback\logback-core\1.5.16\logback-core-1.5.16.jar;C:\Users\kashi\.m2\repository\org\apache\logging\log4j\log4j-to-slf4j\2.24.3\log4j-to-slf4j-2.24.3.jar;C:\Users\kashi\.m2\repository\org\apache\logging\log4j\log4j-api\2.24.3\log4j-api-2.24.3.jar;C:\Users\kashi\.m2\repository\org\slf4j\jul-to-slf4j\2.0.16\jul-to-slf4j-2.0.16.jar;C:\Users\kashi\.m2\repository\jakarta\annotation\jakarta.annotation-api\2.1.1\jakarta.annotation-api-2.1.1.jar;C:\Users\kashi\.m2\repository\org\yaml\snakeyaml\2.3\snakeyaml-2.3.jar;C:\Users\kashi\.m2\repository\org\springframework\boot\spring-boot-starter-jdbc\3.4.3\spring-boot-starter-jdbc-3.4.3.jar;C:\Users\kashi\.m2\repository\com\zaxxer\HikariCP\5.1.0\HikariCP-5.1.0.jar;C:\Users\kashi\.m2\repository\org\springframework\spring-jdbc\6.2.3\spring-jdbc-6.2.3.jar;C:\Users\kashi\.m2\repository\org\hibernate\orm\hibernate-core\6.6.8.Final\hibernate-core-6.6.8.Final.jar;C:\Users\kashi\.m2\repository\jakarta\persistence\jakarta.persistence-api\3.1.0\jakarta.persistence-api-3.1.0.jar;C:\Users\kashi\.m2\repository\jakarta\transaction\jakarta.transaction-api\2.0.1\jakarta.transaction-api-2.0.1.jar;C:\Users\kashi\.m2\repository\org\jboss\logging\jboss-logging\3.6.1.Final\jboss-logging-3.6.1.Final.jar;C:\Users\kashi\.m2\repository\org\hibernate\common\hibernate-commons-annotations\7.0.3.Final\hibernate-commons-annotations-7.0.3.Final.jar;C:\Users\kashi\.m2\repository\io\smallrye\jandex\3.2.0\jandex-3.2.0.jar;C:\Users\kashi\.m2\repository\com\fasterxml\classmate\1.7.0\classmate-1.7.0.jar;C:\Users\kashi\.m2\repository\net\bytebuddy\byte-buddy\1.15.11\byte-buddy-1.15.11.jar;C:\Users\kashi\.m2\repository\org\glassfish\jaxb\jaxb-runtime\4.0.5\jaxb-runtime-4.0.5.jar;C:\Users\kashi\.m2\repository\org\glassfish\jaxb\jaxb-core\4.0.5\jaxb-core-4.0.5.jar;C:\Users\kashi\.m2\repository\org\eclipse\angus\angus-activation\2.0.2\angus-activation-2.0.2.jar;C:\Users\kashi\.m2\repository\org\glassfish\jaxb\txw2\4.0.5\txw2-4.0.5.jar;C:\Users\kashi\.m2\repository\com\sun\istack\istack-commons-runtime\4.1.2\istack-commons-runtime-4.1.2.jar;C:\Users\kashi\.m2\repository\jakarta\inject\jakarta.inject-api\2.0.1\jakarta.inject-api-2.0.1.jar;C:\Users\kashi\.m2\repository\org\antlr\antlr4-runtime\4.13.0\antlr4-runtime-4.13.0.jar;C:\Users\kashi\.m2\repository\org\springframework\data\spring-data-jpa\3.4.3\spring-data-jpa-3.4.3.jar;C:\Users\kashi\.m2\repository\org\springframework\data\spring-data-commons\3.4.3\spring-data-commons-3.4.3.jar;C:\Users\kashi\.m2\repository\org\springframework\spring-orm\6.2.3\spring-orm-6.2.3.jar;C:\Users\kashi\.m2\repository\org\springframework\spring-context\6.2.3\spring-context-6.2.3.jar;C:\Users\kashi\.m2\repository\org\springframework\spring-aop\6.2.3\spring-aop-6.2.3.jar;C:\Users\kashi\.m2\repository\org\springframework\spring-tx\6.2.3\spring-tx-6.2.3.jar;C:\Users\kashi\.m2\repository\org\springframework\spring-beans\6.2.3\spring-beans-6.2.3.jar;C:\Users\kashi\.m2\repository\org\slf4j\slf4j-api\2.0.16\slf4j-api-2.0.16.jar;C:\Users\kashi\.m2\repository\org\springframework\spring-aspects\6.2.3\spring-aspects-6.2.3.jar;C:\Users\kashi\.m2\repository\org\aspectj\aspectjweaver\1.9.22.1\aspectjweaver-1.9.22.1.jar;C:\Users\kashi\.m2\repository\org\springframework\boot\spring-boot-starter-thymeleaf\3.4.3\spring-boot-starter-thymeleaf-3.4.3.jar;C:\Users\kashi\.m2\repository\org\thymeleaf\thymeleaf-spring6\3.1.3.RELEASE\thymeleaf-spring6-3.1.3.RELEASE.jar;C:\Users\kashi\.m2\repository\org\thymeleaf\thymeleaf\3.1.3.RELEASE\thymeleaf-3.1.3.RELEASE.jar;C:\Users\kashi\.m2\repository\org\attoparser\attoparser\2.0.7.RELEASE\attoparser-2.0.7.RELEASE.jar;C:\Users\kashi\.m2\repository\org\unbescape\unbescape\1.1.6.RELEASE\unbescape-1.1.6.RELEASE.jar;C:\Users\kashi\.m2\repository\org\springframework\boot\spring-boot-starter-web\3.4.3\spring-boot-starter-web-3.4.3.jar;C:\Users\kashi\.m2\repository\org\springframework\boot\spring-boot-starter-json\3.4.3\spring-boot-starter-json-3.4.3.jar;C:\Users\kashi\.m2\repository\com\fasterxml\jackson\core\jackson-databind\2.18.2\jackson-databind-2.18.2.jar;C:\Users\kashi\.m2\repository\com\fasterxml\jackson\core\jackson-annotations\2.18.2\jackson-annotations-2.18.2.jar;C:\Users\kashi\.m2\repository\com\fasterxml\jackson\core\jackson-core\2.18.2\jackson-core-2.18.2.jar;C:\Users\kashi\.m2\repository\com\fasterxml\jackson\datatype\jackson-datatype-jdk8\2.18.2\jackson-datatype-jdk8-2.18.2.jar;C:\Users\kashi\.m2\repository\com\fasterxml\jackson\datatype\jackson-datatype-jsr310\2.18.2\jackson-datatype-jsr310-2.18.2.jar;C:\Users\kashi\.m2\repository\com\fasterxml\jackson\module\jackson-module-parameter-names\2.18.2\jackson-module-parameter-names-2.18.2.jar;C:\Users\kashi\.m2\repository\org\springframework\boot\spring-boot-starter-tomcat\3.4.3\spring-boot-starter-tomcat-3.4.3.jar;C:\Users\kashi\.m2\repository\org\apache\tomcat\embed\tomcat-embed-core\10.1.36\tomcat-embed-core-10.1.36.jar;C:\Users\kashi\.m2\repository\org\apache\tomcat\embed\tomcat-embed-el\10.1.36\tomcat-embed-el-10.1.36.jar;C:\Users\kashi\.m2\repository\org\apache\tomcat\embed\tomcat-embed-websocket\10.1.36\tomcat-embed-websocket-10.1.36.jar;C:\Users\kashi\.m2\repository\org\springframework\spring-web\6.2.3\spring-web-6.2.3.jar;C:\Users\kashi\.m2\repository\io\micrometer\micrometer-observation\1.14.4\micrometer-observation-1.14.4.jar;C:\Users\kashi\.m2\repository\io\micrometer\micrometer-commons\1.14.4\micrometer-commons-1.14.4.jar;C:\Users\kashi\.m2\repository\org\springframework\spring-webmvc\6.2.3\spring-webmvc-6.2.3.jar;C:\Users\kashi\.m2\repository\org\springframework\spring-expression\6.2.3\spring-expression-6.2.3.jar;C:\Users\kashi\.m2\repository\org\springframework\boot\spring-boot-devtools\3.4.3\spring-boot-devtools-3.4.3.jar;C:\Users\kashi\.m2\repository\org\springframework\boot\spring-boot\3.4.3\spring-boot-3.4.3.jar;C:\Users\kashi\.m2\repository\org\springframework\boot\spring-boot-autoconfigure\3.4.3\spring-boot-autoconfigure-3.4.3.jar;C:\Users\kashi\.m2\repository\com\mysql\mysql-connector-j\9.1.0\mysql-connector-j-9.1.0.jar;C:\Users\kashi\.m2\repository\jakarta\xml\bind\jakarta.xml.bind-api\4.0.2\jakarta.xml.bind-api-4.0.2.jar;C:\Users\kashi\.m2\repository\jakarta\activation\jakarta.activation-api\2.1.3\jakarta.activation-api-2.1.3.jar;C:\Users\kashi\.m2\repository\org\springframework\spring-core\6.2.3\spring-core-6.2.3.jar;C:\Users\kashi\.m2\repository\org\springframework\spring-jcl\6.2.3\spring-jcl-6.2.3.jar
Launcher Type: SUN_STANDARD

[Global flags]
     intx CICompilerCount                          = 12                                        {product} {ergonomic}
     uint ConcGCThreads                            = 3                                         {product} {ergonomic}
     uint G1ConcRefinementThreads                  = 13                                        {product} {ergonomic}
   size_t G1HeapRegionSize                         = 1048576                                   {product} {ergonomic}
    uintx GCDrainStackTargetSize                   = 64                                        {product} {ergonomic}
   size_t InitialHeapSize                          = 130023424                                 {product} {ergonomic}
     bool ManagementServer                         = true                                      {product} {command line}
   size_t MarkStackSize                            = 4194304                                   {product} {ergonomic}
   size_t MaxHeapSize                              = 2065694720                                {product} {ergonomic}
   size_t MaxNewSize                               = 1239416832                                {product} {ergonomic}
   size_t MinHeapDeltaBytes                        = 1048576                                   {product} {ergonomic}
   size_t MinHeapSize                              = 8388608                                   {product} {ergonomic}
    uintx NonNMethodCodeHeapSize                   = 4096                                   {pd product} {ergonomic}
    uintx NonProfiledCodeHeapSize                  = 0                                      {pd product} {ergonomic}
     bool ProfileInterpreter                       = false                                  {pd product} {command line}
    uintx ProfiledCodeHeapSize                     = 0                                      {pd product} {ergonomic}
     bool ShowCodeDetailsInExceptionMessages       = true                                   {manageable} {command line}
   size_t SoftMaxHeapSize                          = 2065694720                             {manageable} {ergonomic}
     intx TieredStopAtLevel                        = 1                                         {product} {command line}
     bool UseCompressedOops                        = true                           {product lp64_product} {ergonomic}
     bool UseG1GC                                  = true                                      {product} {ergonomic}
     bool UseLargePagesIndividualAllocation        = false                                  {pd product} {ergonomic}

Logging:
Log output configuration:
 #0: stdout all=warning uptime,level,tags foldmultilines=false
 #1: stderr all=off uptime,level,tags foldmultilines=false

Environment Variables:
PATH=C:/Users/kashi/Downloads/STS/sts-4.26.0.RELEASE//plugins/org.eclipse.justj.openjdk.hotspot.jre.full.win32.x86_64_21.0.4.v20240802-1551/jre/bin/server;C:/Users/kashi/Downloads/STS/sts-4.26.0.RELEASE//plugins/org.eclipse.justj.openjdk.hotspot.jre.full.win32.x86_64_21.0.4.v20240802-1551/jre/bin;C:\Program Files\Common Files\Oracle\Java\javapath;C:\Windows\system32;C:\Windows;C:\Windows\System32\Wbem;C:\Windows\System32\WindowsPowerShell\v1.0\;C:\Windows\System32\OpenSSH\;C:\Program Files\dotnet\;C:\Program Files (x86)\NVIDIA Corporation\PhysX\Common;C:\Program Files\NVIDIA Corporation\NVIDIA NvDLISR;C:\Program Files\Microsoft SQL Server\Client SDK\ODBC\170\Tools\Binn\;C:\Program Files\nodejs\;C:\Program Files (x86)\Microsoft SQL Server\160\Tools\Binn\;C:\Program Files\Microsoft SQL Server\160\Tools\Binn\;C:\Program Files\Microsoft SQL Server\160\DTS\Binn\;C:\Program Files\Azure Data Studio\bin;C:\Program Files (x86)\Microsoft SQL Server\160\DTS\Binn\;C:\Program Files\Java\jdk-17\bin;;%SystemRoot%\system32;%SystemRoot%;%SystemRoot%\System32\Wbem;%SYSTEMROOT%\System32\WindowsPowerShell\v1.0\;%SYSTEMROOT%\System32\OpenSSH\;C:\Users\kashi\AppData\Local\Programs\Python\Python312\Scripts\;C:\Users\kashi\AppData\Local\Programs\Python\Python312\;C:\Users\kashi\AppData\Local\Programs\Python\Launcher\;C:\Program Files\MySQL\MySQL Shell 8.0\bin\;C:\Users\kashi\AppData\Local\Microsoft\WindowsApps;C:\Users\kashi\AppData\Local\Programs\Microsoft VS Code\bin;C:\Users\kashi\AppData\Roaming\npm;C:\Program Files\JetBrains\PyCharm Community Edition 2024.1.2\bin;;C:\Program Files\Azure Data Studio\bin;C:\Users\kashi\AppData\Local\GitHubDesktop\bin;C:\ProgramData\kashi\GitHubDesktop\bin;;C:\Users\kashi\Downloads\STS\sts-4.26.0.RELEASE;
USERNAME=kashi
OS=Windows_NT
PROCESSOR_IDENTIFIER=Intel64 Family 6 Model 154 Stepping 3, GenuineIntel
TMP=C:\Users\kashi\AppData\Local\Temp
TEMP=C:\Users\kashi\AppData\Local\Temp




Periodic native trim disabled

---------------  S Y S T E M  ---------------

OS:
 Windows 11 , 64 bit Build 26100 (10.0.26100.3037)
OS uptime: 12 days 6:26 hours
Hyper-V role detected

CPU: total 16 (initial active 16) (8 cores per cpu, 2 threads per core) family 6 model 154 stepping 3 microcode 0x435, cx8, cmov, fxsr, ht, mmx, 3dnowpref, sse, sse2, sse3, ssse3, sse4.1, sse4.2, popcnt, lzcnt, tsc, tscinvbit, avx, avx2, aes, erms, clmul, bmi1, bmi2, adx, sha, fma, vzeroupper, clflush, clflushopt, clwb, hv, serialize, rdtscp, rdpid, fsrm, f16c, cet_ibt, cet_ss
Processor Information for processor 0
  Max Mhz: 2500, Current Mhz: 2500, Mhz Limit: 2500
Processor Information for processor 1
  Max Mhz: 2500, Current Mhz: 2500, Mhz Limit: 2500
Processor Information for processor 2
  Max Mhz: 2500, Current Mhz: 2500, Mhz Limit: 2500
Processor Information for processor 3
  Max Mhz: 2500, Current Mhz: 2500, Mhz Limit: 2500
Processor Information for processor 4
  Max Mhz: 2500, Current Mhz: 2500, Mhz Limit: 2500
Processor Information for processor 5
  Max Mhz: 2500, Current Mhz: 2500, Mhz Limit: 2500
Processor Information for processor 6
  Max Mhz: 2500, Current Mhz: 2500, Mhz Limit: 2500
Processor Information for processor 7
  Max Mhz: 2500, Current Mhz: 2500, Mhz Limit: 2500
Processor Information for processor 8
  Max Mhz: 2500, Current Mhz: 1527, Mhz Limit: 2500
Processor Information for processor 9
  Max Mhz: 2500, Current Mhz: 1527, Mhz Limit: 2500
Processor Information for processor 10
  Max Mhz: 2500, Current Mhz: 1527, Mhz Limit: 2500
Processor Information for processor 11
  Max Mhz: 2500, Current Mhz: 1527, Mhz Limit: 2500
Processor Information for processor 12
  Max Mhz: 2500, Current Mhz: 1527, Mhz Limit: 2500
Processor Information for processor 13
  Max Mhz: 2500, Current Mhz: 2500, Mhz Limit: 2500
Processor Information for processor 14
  Max Mhz: 2500, Current Mhz: 2500, Mhz Limit: 2500
Processor Information for processor 15
  Max Mhz: 2500, Current Mhz: 1527, Mhz Limit: 2500

Memory: 4k page, system-wide physical 7876M (768M free)
TotalPageFile size 32452M (AvailPageFile size 7M)
current process WorkingSet (physical memory assigned to process): 102M, peak: 225M
current process commit charge ("private bytes"): 293M, peak: 306M

vm_info: OpenJDK 64-Bit Server VM (21.0.4+7-LTS) for windows-amd64 JRE (21.0.4+7-LTS), built on 2024-07-16T00:00:00Z by "admin" with MS VC++ 17.7 (VS2022)

END.
